# Writing all output to: C:\Users\arthu\Desktop\Documentos\Insper\Dynamics\github\REDOX-RoboCup-RMRC-Challenge\PCB\rmrv_v8.log
set pad_wire_necking on
bus diagonal
fanout 20
route 100
clean 5
route 100 16
clean 5
route 100 16
clean 5
route 100 16
clean 5
route 100 16
clean 5
route 100 16
clean 5
route 100 16
clean 5
route 100 16
clean 5
route 100 16
clean 5
route 100 16
clean 5
route 100 16
clean 5
route 100 16
clean 5
route 100 16
clean 5
route 100 16
clean 5
route 100 16
clean 5
route 100 16
clean 5
route 100 16
clean 5
route 100 16
clean 5
route 100 16
clean 5
route 100 16
clean 5
route 100 16
clean 5
filter 5
