  REDOX_INTERFACE.cpp
C:\Users\Felipe Catapano\Documents\GitHub\REDOX-RoboCup-RMRC-Challenge\Machine Vision\Machine Vision\Gamepad_controller.h(56,43): warning C4244: '=': conversão de 'float' para 'int', possível perda de dados
C:\Users\Felipe Catapano\Documents\GitHub\REDOX-RoboCup-RMRC-Challenge\Machine Vision\Machine Vision\Gamepad_controller.h(62,21): warning C4244: '=': conversão de 'float' para 'int', possível perda de dados
C:\Users\Felipe Catapano\Documents\GitHub\REDOX-RoboCup-RMRC-Challenge\Machine Vision\Machine Vision\Thermal_gas.h(11,63): warning C4244: 'argumento': conversão de 'double' para '_Tp', possível perda de dados
          with
          [
              _Tp=int
          ]
C:\Users\Felipe Catapano\Documents\GitHub\REDOX-RoboCup-RMRC-Challenge\Machine Vision\Machine Vision\Thermal_gas.h(15,60): warning C4244: 'argumento': conversão de 'double' para '_Tp', possível perda de dados
          with
          [
              _Tp=int
          ]
C:\Users\Felipe Catapano\Documents\GitHub\REDOX-RoboCup-RMRC-Challenge\Machine Vision\Machine Vision\Thermal_gas.h(17,72): warning C4244: 'argumento': conversão de 'double' para '_Tp', possível perda de dados
          with
          [
              _Tp=int
          ]
C:\Users\Felipe Catapano\Documents\GitHub\REDOX-RoboCup-RMRC-Challenge\Machine Vision\Machine Vision\Thermal_gas.h(18,74): warning C4244: 'argumento': conversão de 'double' para '_Tp', possível perda de dados
          with
          [
              _Tp=int
          ]
C:\Users\Felipe Catapano\Documents\GitHub\REDOX-RoboCup-RMRC-Challenge\Machine Vision\Machine Vision\Thermal_gas.h(18,42): warning C4244: 'argumento': conversão de 'float' para '_Tp', possível perda de dados
          with
          [
              _Tp=int
          ]
C:\Users\Felipe Catapano\Documents\GitHub\REDOX-RoboCup-RMRC-Challenge\Machine Vision\Machine Vision\Hazmat_detection.h(29,30): warning C4305: 'inicializando': truncamento de 'double' para 'float'
  Machine Vision.vcxproj -> C:\Users\Felipe Catapano\Documents\GitHub\REDOX-RoboCup-RMRC-Challenge\Machine Vision\x64\Debug\Machine Vision.exe
