Performing C SOURCE FILE Test CMAKE_HAVE_LIBC_PTHREAD failed with the following output:
Change Dir: /home/insper/REDOX-RoboCup-RMRC-Challenge/Machine Vision/Machine Vision/CMakeFiles/CMakeTmp

Run Build Command(s):/usr/bin/make -f Makefile cmTC_25e76/fast && /usr/bin/make  -f CMakeFiles/cmTC_25e76.dir/build.make CMakeFiles/cmTC_25e76.dir/build
make[1]: Entering directory '/home/insper/REDOX-RoboCup-RMRC-Challenge/Machine Vision/Machine Vision/CMakeFiles/CMakeTmp'
Building C object CMakeFiles/cmTC_25e76.dir/src.c.o
/usr/bin/cc -DCMAKE_HAVE_LIBC_PTHREAD   -o CMakeFiles/cmTC_25e76.dir/src.c.o -c "/home/insper/REDOX-RoboCup-RMRC-Challenge/Machine Vision/Machine Vision/CMakeFiles/CMakeTmp/src.c"
Linking C executable cmTC_25e76
/usr/local/bin/cmake -E cmake_link_script CMakeFiles/cmTC_25e76.dir/link.txt --verbose=1
/usr/bin/cc -rdynamic CMakeFiles/cmTC_25e76.dir/src.c.o -o cmTC_25e76 
CMakeFiles/cmTC_25e76.dir/src.c.o: In function `main':
src.c:(.text+0x48): undefined reference to `pthread_create'
src.c:(.text+0x50): undefined reference to `pthread_detach'
src.c:(.text+0x58): undefined reference to `pthread_cancel'
src.c:(.text+0x64): undefined reference to `pthread_join'
src.c:(.text+0x74): undefined reference to `pthread_atfork'
collect2: error: ld returned 1 exit status
CMakeFiles/cmTC_25e76.dir/build.make:98: recipe for target 'cmTC_25e76' failed
make[1]: *** [cmTC_25e76] Error 1
make[1]: Leaving directory '/home/insper/REDOX-RoboCup-RMRC-Challenge/Machine Vision/Machine Vision/CMakeFiles/CMakeTmp'
Makefile:127: recipe for target 'cmTC_25e76/fast' failed
make: *** [cmTC_25e76/fast] Error 2


Source file was:
#include <pthread.h>

static void* test_func(void* data)
{
  return data;
}

int main(void)
{
  pthread_t thread;
  pthread_create(&thread, NULL, test_func, NULL);
  pthread_detach(thread);
  pthread_cancel(thread);
  pthread_join(thread, NULL);
  pthread_atfork(NULL, NULL, NULL);
  pthread_exit(NULL);

  return 0;
}

Determining if the function pthread_create exists in the pthreads failed with the following output:
Change Dir: /home/insper/REDOX-RoboCup-RMRC-Challenge/Machine Vision/Machine Vision/CMakeFiles/CMakeTmp

Run Build Command(s):/usr/bin/make -f Makefile cmTC_ef8f6/fast && /usr/bin/make  -f CMakeFiles/cmTC_ef8f6.dir/build.make CMakeFiles/cmTC_ef8f6.dir/build
make[1]: Entering directory '/home/insper/REDOX-RoboCup-RMRC-Challenge/Machine Vision/Machine Vision/CMakeFiles/CMakeTmp'
Building C object CMakeFiles/cmTC_ef8f6.dir/CheckFunctionExists.c.o
/usr/bin/cc   -DCHECK_FUNCTION_EXISTS=pthread_create -o CMakeFiles/cmTC_ef8f6.dir/CheckFunctionExists.c.o -c /usr/local/share/cmake-3.20/Modules/CheckFunctionExists.c
Linking C executable cmTC_ef8f6
/usr/local/bin/cmake -E cmake_link_script CMakeFiles/cmTC_ef8f6.dir/link.txt --verbose=1
/usr/bin/cc  -DCHECK_FUNCTION_EXISTS=pthread_create -rdynamic CMakeFiles/cmTC_ef8f6.dir/CheckFunctionExists.c.o -o cmTC_ef8f6  -lpthreads 
/usr/bin/ld: cannot find -lpthreads
collect2: error: ld returned 1 exit status
CMakeFiles/cmTC_ef8f6.dir/build.make:98: recipe for target 'cmTC_ef8f6' failed
make[1]: *** [cmTC_ef8f6] Error 1
make[1]: Leaving directory '/home/insper/REDOX-RoboCup-RMRC-Challenge/Machine Vision/Machine Vision/CMakeFiles/CMakeTmp'
Makefile:127: recipe for target 'cmTC_ef8f6/fast' failed
make: *** [cmTC_ef8f6/fast] Error 2



Performing C SOURCE FILE Test CMAKE_HAVE_LIBC_PTHREAD failed with the following output:
Change Dir: /home/insper/REDOX-RoboCup-RMRC-Challenge/Machine Vision/Machine Vision/CMakeFiles/CMakeTmp

Run Build Command(s):/usr/bin/make -f Makefile cmTC_a479e/fast && /usr/bin/make  -f CMakeFiles/cmTC_a479e.dir/build.make CMakeFiles/cmTC_a479e.dir/build
make[1]: Entering directory '/home/insper/REDOX-RoboCup-RMRC-Challenge/Machine Vision/Machine Vision/CMakeFiles/CMakeTmp'
Building C object CMakeFiles/cmTC_a479e.dir/src.c.o
/usr/bin/cc -DCMAKE_HAVE_LIBC_PTHREAD   -o CMakeFiles/cmTC_a479e.dir/src.c.o -c "/home/insper/REDOX-RoboCup-RMRC-Challenge/Machine Vision/Machine Vision/CMakeFiles/CMakeTmp/src.c"
Linking C executable cmTC_a479e
/usr/local/bin/cmake -E cmake_link_script CMakeFiles/cmTC_a479e.dir/link.txt --verbose=1
/usr/bin/cc -rdynamic CMakeFiles/cmTC_a479e.dir/src.c.o -o cmTC_a479e 
CMakeFiles/cmTC_a479e.dir/src.c.o: In function `main':
src.c:(.text+0x48): undefined reference to `pthread_create'
src.c:(.text+0x50): undefined reference to `pthread_detach'
src.c:(.text+0x58): undefined reference to `pthread_cancel'
src.c:(.text+0x64): undefined reference to `pthread_join'
src.c:(.text+0x74): undefined reference to `pthread_atfork'
collect2: error: ld returned 1 exit status
CMakeFiles/cmTC_a479e.dir/build.make:98: recipe for target 'cmTC_a479e' failed
make[1]: *** [cmTC_a479e] Error 1
make[1]: Leaving directory '/home/insper/REDOX-RoboCup-RMRC-Challenge/Machine Vision/Machine Vision/CMakeFiles/CMakeTmp'
Makefile:127: recipe for target 'cmTC_a479e/fast' failed
make: *** [cmTC_a479e/fast] Error 2


Source file was:
#include <pthread.h>

static void* test_func(void* data)
{
  return data;
}

int main(void)
{
  pthread_t thread;
  pthread_create(&thread, NULL, test_func, NULL);
  pthread_detach(thread);
  pthread_cancel(thread);
  pthread_join(thread, NULL);
  pthread_atfork(NULL, NULL, NULL);
  pthread_exit(NULL);

  return 0;
}

Determining if the function pthread_create exists in the pthreads failed with the following output:
Change Dir: /home/insper/REDOX-RoboCup-RMRC-Challenge/Machine Vision/Machine Vision/CMakeFiles/CMakeTmp

Run Build Command(s):/usr/bin/make -f Makefile cmTC_29675/fast && /usr/bin/make  -f CMakeFiles/cmTC_29675.dir/build.make CMakeFiles/cmTC_29675.dir/build
make[1]: Entering directory '/home/insper/REDOX-RoboCup-RMRC-Challenge/Machine Vision/Machine Vision/CMakeFiles/CMakeTmp'
Building C object CMakeFiles/cmTC_29675.dir/CheckFunctionExists.c.o
/usr/bin/cc   -DCHECK_FUNCTION_EXISTS=pthread_create -o CMakeFiles/cmTC_29675.dir/CheckFunctionExists.c.o -c /usr/local/share/cmake-3.20/Modules/CheckFunctionExists.c
Linking C executable cmTC_29675
/usr/local/bin/cmake -E cmake_link_script CMakeFiles/cmTC_29675.dir/link.txt --verbose=1
/usr/bin/cc  -DCHECK_FUNCTION_EXISTS=pthread_create -rdynamic CMakeFiles/cmTC_29675.dir/CheckFunctionExists.c.o -o cmTC_29675  -lpthreads 
/usr/bin/ld: cannot find -lpthreads
collect2: error: ld returned 1 exit status
CMakeFiles/cmTC_29675.dir/build.make:98: recipe for target 'cmTC_29675' failed
make[1]: *** [cmTC_29675] Error 1
make[1]: Leaving directory '/home/insper/REDOX-RoboCup-RMRC-Challenge/Machine Vision/Machine Vision/CMakeFiles/CMakeTmp'
Makefile:127: recipe for target 'cmTC_29675/fast' failed
make: *** [cmTC_29675/fast] Error 2



